-------------------------------------------------------------------------------
Test set: com.vipwriters.MailUSFormTest
-------------------------------------------------------------------------------
Tests run: 5, Failures: 0, Errors: 5, Skipped: 0, Time elapsed: 0.004 s <<< FAILURE! - in com.vipwriters.MailUSFormTest
mailUs(com.vipwriters.MailUSFormTest)  Time elapsed: 0 s  <<< ERROR!
java.lang.IllegalStateException: The driver executable does not exist: C:\var\jenkins_home\workspace\test2\driver\geckodriver

mailUsmax(com.vipwriters.MailUSFormTest)  Time elapsed: 0 s  <<< ERROR!
java.lang.IllegalStateException: The driver executable does not exist: C:\var\jenkins_home\workspace\test2\driver\geckodriver

mailUsmin(com.vipwriters.MailUSFormTest)  Time elapsed: 0 s  <<< ERROR!
java.lang.IllegalStateException: The driver executable does not exist: C:\var\jenkins_home\workspace\test2\driver\geckodriver

mailUsOther(com.vipwriters.MailUSFormTest)  Time elapsed: 0 s  <<< ERROR!
java.lang.IllegalStateException: The driver executable does not exist: C:\var\jenkins_home\workspace\test2\driver\geckodriver

mailUsEmptySubject(com.vipwriters.MailUSFormTest)  Time elapsed: 0 s  <<< ERROR!
java.lang.IllegalStateException: The driver executable does not exist: C:\var\jenkins_home\workspace\test2\driver\geckodriver

