-------------------------------------------------------------------------------
Test set: com.vipwriters.Payments.PaymentsPageSwitchingTest
-------------------------------------------------------------------------------
Tests run: 1, Failures: 0, Errors: 1, Skipped: 0, Time elapsed: 0.005 s <<< FAILURE! - in com.vipwriters.Payments.PaymentsPageSwitchingTest
ppswitching10(com.vipwriters.Payments.PaymentsPageSwitchingTest)  Time elapsed: 0 s  <<< ERROR!
java.lang.IllegalStateException: The driver executable does not exist: C:\var\jenkins_home\workspace\test2\driver\geckodriver

