-------------------------------------------------------------------------------
Test set: com.vipwriters.available.AvailableSendMessageInOrderTest
-------------------------------------------------------------------------------
Tests run: 3, Failures: 2, Errors: 1, Skipped: 0, Time elapsed: 159.045 s <<< FAILURE! - in com.vipwriters.available.AvailableSendMessageInOrderTest
SendMessageToClient(com.vipwriters.available.AvailableSendMessageInOrderTest)  Time elapsed: 56.275 s  <<< FAILURE!
org.junit.ComparisonFailure: expected:<[Message successfully sen]t!> but was:<[Something gone wrong... Please contact our suppor]t!>
	at com.vipwriters.available.AvailableSendMessageInOrderTest.SendMessageToClient(AvailableSendMessageInOrderTest.java:23)

SendMessageToClientMax(com.vipwriters.available.AvailableSendMessageInOrderTest)  Time elapsed: 53.135 s  <<< ERROR!
org.openqa.selenium.StaleElementReferenceException: 
The element reference of <h2 id="swal2-title" class="swal2-title"> is stale; either the element is no longer attached to the DOM, it is not in the current frame context, or the document has been refreshed
For documentation on this error, please visit: http://seleniumhq.org/exceptions/stale_element_reference.html
Build info: version: '3.14.0', revision: 'aacccce0', time: '2018-08-02T20:19:58.91Z'
System info: host: 'DESKTOP-6L7S93F', ip: '192.168.137.1', os.name: 'Windows 10', os.arch: 'amd64', os.version: '10.0', java.version: '9.0.1'
Driver info: org.openqa.selenium.firefox.FirefoxDriver
Capabilities {acceptInsecureCerts: true, browserName: firefox, browserVersion: 68.0.1, javascriptEnabled: true, moz:accessibilityChecks: false, moz:buildID: 20190717172542, moz:geckodriverVersion: 0.23.0, moz:headless: false, moz:processID: 28100, moz:profile: C:\Users\dmytr\AppData\Loca..., moz:shutdownTimeout: 60000, moz:useNonSpecCompliantPointerOrigin: false, moz:webdriverClick: true, pageLoadStrategy: normal, platform: WINDOWS, platformName: WINDOWS, platformVersion: 10.0, rotatable: false, setWindowRect: true, strictFileInteractability: false, timeouts: {implicit: 0, pageLoad: 300000, script: 30000}, unhandledPromptBehavior: dismiss and notify}
Session ID: f56a9a6a-838b-41b2-8174-f2f7a7d20970
	at com.vipwriters.available.AvailableSendMessageInOrderTest.SendMessageToClientMax(AvailableSendMessageInOrderTest.java:35)

SendMessageToClientMin(com.vipwriters.available.AvailableSendMessageInOrderTest)  Time elapsed: 49.626 s  <<< FAILURE!
org.junit.ComparisonFailure: expected:<[Message successfully sen]t!> but was:<[Something gone wrong... Please contact our suppor]t!>
	at com.vipwriters.available.AvailableSendMessageInOrderTest.SendMessageToClientMin(AvailableSendMessageInOrderTest.java:47)

