-------------------------------------------------------------------------------
Test set: com.vipwriters.MyOrders.MyOrdersUploadFileTest
-------------------------------------------------------------------------------
Tests run: 1, Failures: 0, Errors: 1, Skipped: 0, Time elapsed: 0.007 s <<< FAILURE! - in com.vipwriters.MyOrders.MyOrdersUploadFileTest
dropfiles1(com.vipwriters.MyOrders.MyOrdersUploadFileTest)  Time elapsed: 0 s  <<< ERROR!
java.lang.IllegalStateException: The driver executable does not exist: C:\var\jenkins_home\workspace\test2\driver\geckodriver

