-------------------------------------------------------------------------------
Test set: com.vipwriters.ForgotPasswordTest
-------------------------------------------------------------------------------
Tests run: 6, Failures: 0, Errors: 6, Skipped: 0, Time elapsed: 0.007 s <<< FAILURE! - in com.vipwriters.ForgotPasswordTest
ForgotPasswordNoValid(com.vipwriters.ForgotPasswordTest)  Time elapsed: 0 s  <<< ERROR!
java.lang.IllegalStateException: The driver executable does not exist: \\src\test\java\com\vipwriters\phantomjs.exe

ForgotPasswordNoValid(com.vipwriters.ForgotPasswordTest)  Time elapsed: 0 s  <<< ERROR!
java.lang.NullPointerException

ForgotPasswordEmptyFields(com.vipwriters.ForgotPasswordTest)  Time elapsed: 0 s  <<< ERROR!
java.lang.IllegalStateException: The driver executable does not exist: \\src\test\java\com\vipwriters\phantomjs.exe

ForgotPasswordEmptyFields(com.vipwriters.ForgotPasswordTest)  Time elapsed: 0.001 s  <<< ERROR!
java.lang.NullPointerException

forgotpassword(com.vipwriters.ForgotPasswordTest)  Time elapsed: 0 s  <<< ERROR!
java.lang.IllegalStateException: The driver executable does not exist: \\src\test\java\com\vipwriters\phantomjs.exe

forgotpassword(com.vipwriters.ForgotPasswordTest)  Time elapsed: 0 s  <<< ERROR!
java.lang.NullPointerException

