-------------------------------------------------------------------------------
Test set: com.vipwriters.MyOrders.MyOrderSendMessageTest
-------------------------------------------------------------------------------
Tests run: 6, Failures: 0, Errors: 6, Skipped: 0, Time elapsed: 0.03 s <<< FAILURE! - in com.vipwriters.MyOrders.MyOrderSendMessageTest
SendMessageToClient1(com.vipwriters.MyOrders.MyOrderSendMessageTest)  Time elapsed: 0 s  <<< ERROR!
java.lang.IllegalStateException: The driver executable does not exist: \\src\test\java\com\vipwriters\phantomjs.exe

SendMessageToClient1(com.vipwriters.MyOrders.MyOrderSendMessageTest)  Time elapsed: 0 s  <<< ERROR!
java.lang.NullPointerException

SendMessageToClientMax(com.vipwriters.MyOrders.MyOrderSendMessageTest)  Time elapsed: 0 s  <<< ERROR!
java.lang.IllegalStateException: The driver executable does not exist: \\src\test\java\com\vipwriters\phantomjs.exe

SendMessageToClientMax(com.vipwriters.MyOrders.MyOrderSendMessageTest)  Time elapsed: 0 s  <<< ERROR!
java.lang.NullPointerException

SendMessageToClientMin(com.vipwriters.MyOrders.MyOrderSendMessageTest)  Time elapsed: 0.002 s  <<< ERROR!
java.lang.IllegalStateException: The driver executable does not exist: \\src\test\java\com\vipwriters\phantomjs.exe

SendMessageToClientMin(com.vipwriters.MyOrders.MyOrderSendMessageTest)  Time elapsed: 0.002 s  <<< ERROR!
java.lang.NullPointerException

