-------------------------------------------------------------------------------
Test set: com.vipwriters.available.AvailableShowOnlyOrdersWithinMyProficiencyTest
-------------------------------------------------------------------------------
Tests run: 1, Failures: 0, Errors: 1, Skipped: 0, Time elapsed: 9.068 s <<< FAILURE! - in com.vipwriters.available.AvailableShowOnlyOrdersWithinMyProficiencyTest
OrderWithMy(com.vipwriters.available.AvailableShowOnlyOrdersWithinMyProficiencyTest)  Time elapsed: 8.97 s  <<< ERROR!
java.lang.NullPointerException
	at com.vipwriters.available.AvailableShowOnlyOrdersWithinMyProficiencyTest.OrderWithMy(AvailableShowOnlyOrdersWithinMyProficiencyTest.java:19)

