-------------------------------------------------------------------------------
Test set: com.vipwriters.available.AvailableFilterTest
-------------------------------------------------------------------------------
Tests run: 1, Failures: 0, Errors: 1, Skipped: 0, Time elapsed: 11.764 s <<< FAILURE! - in com.vipwriters.available.AvailableFilterTest
Filter(com.vipwriters.available.AvailableFilterTest)  Time elapsed: 11.751 s  <<< ERROR!
java.lang.NullPointerException
	at com.vipwriters.available.AvailableFilterTest.Filter(AvailableFilterTest.java:20)

