-------------------------------------------------------------------------------
Test set: com.vipwriters.available.AvailableDownloadFilesTest
-------------------------------------------------------------------------------
Tests run: 1, Failures: 0, Errors: 1, Skipped: 0, Time elapsed: 13.019 s <<< FAILURE! - in com.vipwriters.available.AvailableDownloadFilesTest
download(com.vipwriters.available.AvailableDownloadFilesTest)  Time elapsed: 13.001 s  <<< ERROR!
java.lang.NullPointerException
	at com.vipwriters.available.AvailableDownloadFilesTest.download(AvailableDownloadFilesTest.java:13)

