-------------------------------------------------------------------------------
Test set: com.vipwriters.available.AvailableSendMessageInOrderTest
-------------------------------------------------------------------------------
Tests run: 3, Failures: 0, Errors: 3, Skipped: 0, Time elapsed: 44.56 s <<< FAILURE! - in com.vipwriters.available.AvailableSendMessageInOrderTest
SendMessageToClient(com.vipwriters.available.AvailableSendMessageInOrderTest)  Time elapsed: 13.334 s  <<< ERROR!
java.lang.NullPointerException
	at com.vipwriters.available.AvailableSendMessageInOrderTest.SendMessageToClient(AvailableSendMessageInOrderTest.java:17)

SendMessageToClientMax(com.vipwriters.available.AvailableSendMessageInOrderTest)  Time elapsed: 13.331 s  <<< ERROR!
java.lang.NullPointerException
	at com.vipwriters.available.AvailableSendMessageInOrderTest.SendMessageToClientMax(AvailableSendMessageInOrderTest.java:29)

SendMessageToClientMin(com.vipwriters.available.AvailableSendMessageInOrderTest)  Time elapsed: 17.84 s  <<< ERROR!
java.lang.NullPointerException
	at com.vipwriters.available.AvailableSendMessageInOrderTest.SendMessageToClientMin(AvailableSendMessageInOrderTest.java:41)

