-------------------------------------------------------------------------------
Test set: com.vipwriters.Payments.PaymentsReasonTest
-------------------------------------------------------------------------------
Tests run: 1, Failures: 0, Errors: 1, Skipped: 0, Time elapsed: 0.004 s <<< FAILURE! - in com.vipwriters.Payments.PaymentsReasonTest
reaso(com.vipwriters.Payments.PaymentsReasonTest)  Time elapsed: 0 s  <<< ERROR!
java.lang.IllegalStateException: The driver executable does not exist: C:\var\jenkins_home\workspace\test2\driver\geckodriver

